<?xml version="1.0" encoding="UTF-8"?>
<!-- Generated by org.testng.reporters.JUnitReportReporter -->
<testsuite skipped="0" hostname="LTIN357732" name="Main.MainTest" tests="3" failures="0" timestamp="2022-04-11T11:39:24 IST" time="84.145" errors="0">
  <testcase name="getHospitalList" time="51.474" classname="Main.MainTest"/>
  <system-out/>
  <testcase name="getCityList" time="3.093" classname="Main.MainTest"/>
  <system-out/>
  <testcase name="corporateBooking" time="29.578" classname="Main.MainTest"/>
  <system-out/>
</testsuite> <!-- Main.MainTest -->
